[INFO  - 2018-12-21T15:29:25.265Z] GhostDriver - Main - running on port 48453
[INFO  - 2018-12-21T15:29:26.101Z] Session [33252a30-0535-11e9-b5e9-6544d9c9d53a] - page.settings - {"XSSAuditingEnabled":false,"javascriptCanCloseWindows":true,"javascriptCanOpenWindows":true,"javascriptEnabled":true,"loadImages":true,"localToRemoteUrlAccessEnabled":false,"userAgent":"Mozilla/5.0 (Unknown; Linux x86_64) AppleWebKit/538.1 (KHTML, like Gecko) PhantomJS/2.1.1 Safari/538.1","webSecurityEnabled":true}
[INFO  - 2018-12-21T15:29:26.101Z] Session [33252a30-0535-11e9-b5e9-6544d9c9d53a] - page.customHeaders:  - {}
[INFO  - 2018-12-21T15:29:26.101Z] Session [33252a30-0535-11e9-b5e9-6544d9c9d53a] - Session.negotiatedCapabilities - {"browserName":"phantomjs","version":"2.1.1","driverName":"ghostdriver","driverVersion":"1.2.0","platform":"linux-unknown-64bit","javascriptEnabled":true,"takesScreenshot":true,"handlesAlerts":false,"databaseEnabled":false,"locationContextEnabled":false,"applicationCacheEnabled":false,"browserConnectionEnabled":false,"cssSelectorsEnabled":true,"webStorageEnabled":false,"rotatable":false,"acceptSslCerts":false,"nativeEvents":true,"proxy":{"proxyType":"direct"}}
[INFO  - 2018-12-21T15:29:26.101Z] SessionManagerReqHand - _postNewSessionCommand - New Session Created: 33252a30-0535-11e9-b5e9-6544d9c9d53a
[ERROR - 2018-12-21T15:29:36.711Z] Session [33252a30-0535-11e9-b5e9-6544d9c9d53a] - page.onError - msg: TypeError: undefined is not a function (evaluating 'Object.assign(this.schemes,e)')

  phantomjs://platform/console++.js:263 in error
[ERROR - 2018-12-21T15:29:36.711Z] Session [33252a30-0535-11e9-b5e9-6544d9c9d53a] - page.onError - stack:
  (anonymous function) (https://3-1457-superset.public.a4.saagie.io/static/assets/dist/common.e76242fbf6a1ecefeccd.entry.js:1)
  (anonymous function) (https://3-1457-superset.public.a4.saagie.io/static/assets/dist/common.e76242fbf6a1ecefeccd.entry.js:1)
  u (https://3-1457-superset.public.a4.saagie.io/static/assets/dist/common.e76242fbf6a1ecefeccd.entry.js:1)
  r (https://3-1457-superset.public.a4.saagie.io/static/assets/dist/common.e76242fbf6a1ecefeccd.entry.js:1)
  (anonymous function) (https://3-1457-superset.public.a4.saagie.io/static/assets/dist/common.e76242fbf6a1ecefeccd.entry.js:1)

  phantomjs://platform/console++.js:263 in error
[ERROR - 2018-12-21T15:29:37.617Z] Session [33252a30-0535-11e9-b5e9-6544d9c9d53a] - page.onError - msg: TypeError: undefined is not a function (evaluating 'Object.assign(this.schemes,e)')

  phantomjs://platform/console++.js:263 in error
[ERROR - 2018-12-21T15:29:37.617Z] Session [33252a30-0535-11e9-b5e9-6544d9c9d53a] - page.onError - stack:
  (anonymous function) (https://3-1457-superset.public.a4.saagie.io/static/assets/dist/common.e76242fbf6a1ecefeccd.entry.js:1)
  (anonymous function) (https://3-1457-superset.public.a4.saagie.io/static/assets/dist/common.e76242fbf6a1ecefeccd.entry.js:1)
  u (https://3-1457-superset.public.a4.saagie.io/static/assets/dist/common.e76242fbf6a1ecefeccd.entry.js:1)
  r (https://3-1457-superset.public.a4.saagie.io/static/assets/dist/common.e76242fbf6a1ecefeccd.entry.js:1)
  (anonymous function) (https://3-1457-superset.public.a4.saagie.io/static/assets/dist/common.e76242fbf6a1ecefeccd.entry.js:1)

  phantomjs://platform/console++.js:263 in error
[ERROR - 2018-12-21T15:29:38.180Z] WebElementLocator - _handleLocateCommand - Element(s) NOT Found: GAVE UP. Search Stop Time: 1545406178126

  phantomjs://platform/console++.js:263 in error
[INFO  - 2018-12-21T15:34:25.439Z] SessionManagerReqHand - _cleanupWindowlessSessions - Asynchronous Sessions clean-up phase starting NOW
[INFO  - 2018-12-21T15:39:25.440Z] SessionManagerReqHand - _cleanupWindowlessSessions - Asynchronous Sessions clean-up phase starting NOW
[INFO  - 2018-12-21T15:44:25.439Z] SessionManagerReqHand - _cleanupWindowlessSessions - Asynchronous Sessions clean-up phase starting NOW
[INFO  - 2018-12-21T15:49:25.446Z] SessionManagerReqHand - _cleanupWindowlessSessions - Asynchronous Sessions clean-up phase starting NOW
[INFO  - 2018-12-21T15:54:25.446Z] SessionManagerReqHand - _cleanupWindowlessSessions - Asynchronous Sessions clean-up phase starting NOW
[INFO  - 2018-12-21T15:59:25.446Z] SessionManagerReqHand - _cleanupWindowlessSessions - Asynchronous Sessions clean-up phase starting NOW
[INFO  - 2018-12-21T16:04:25.446Z] SessionManagerReqHand - _cleanupWindowlessSessions - Asynchronous Sessions clean-up phase starting NOW
[INFO  - 2018-12-21T16:09:25.446Z] SessionManagerReqHand - _cleanupWindowlessSessions - Asynchronous Sessions clean-up phase starting NOW
[INFO  - 2018-12-21T16:14:25.447Z] SessionManagerReqHand - _cleanupWindowlessSessions - Asynchronous Sessions clean-up phase starting NOW
[INFO  - 2018-12-21T22:02:59.836Z] SessionManagerReqHand - _cleanupWindowlessSessions - Asynchronous Sessions clean-up phase starting NOW
[INFO  - 2018-12-21T22:07:59.837Z] SessionManagerReqHand - _cleanupWindowlessSessions - Asynchronous Sessions clean-up phase starting NOW
[INFO  - 2018-12-21T22:12:59.837Z] SessionManagerReqHand - _cleanupWindowlessSessions - Asynchronous Sessions clean-up phase starting NOW
[INFO  - 2018-12-21T22:17:59.836Z] SessionManagerReqHand - _cleanupWindowlessSessions - Asynchronous Sessions clean-up phase starting NOW
[INFO  - 2018-12-21T22:22:59.837Z] SessionManagerReqHand - _cleanupWindowlessSessions - Asynchronous Sessions clean-up phase starting NOW
[INFO  - 2018-12-21T22:27:59.836Z] SessionManagerReqHand - _cleanupWindowlessSessions - Asynchronous Sessions clean-up phase starting NOW
[INFO  - 2018-12-21T22:32:59.837Z] SessionManagerReqHand - _cleanupWindowlessSessions - Asynchronous Sessions clean-up phase starting NOW
[INFO  - 2018-12-21T22:37:59.836Z] SessionManagerReqHand - _cleanupWindowlessSessions - Asynchronous Sessions clean-up phase starting NOW
[INFO  - 2018-12-21T22:42:59.836Z] SessionManagerReqHand - _cleanupWindowlessSessions - Asynchronous Sessions clean-up phase starting NOW
[INFO  - 2018-12-21T22:47:59.837Z] SessionManagerReqHand - _cleanupWindowlessSessions - Asynchronous Sessions clean-up phase starting NOW
[INFO  - 2018-12-21T22:52:59.836Z] SessionManagerReqHand - _cleanupWindowlessSessions - Asynchronous Sessions clean-up phase starting NOW
[INFO  - 2018-12-21T22:57:59.836Z] SessionManagerReqHand - _cleanupWindowlessSessions - Asynchronous Sessions clean-up phase starting NOW
[INFO  - 2018-12-21T23:02:59.836Z] SessionManagerReqHand - _cleanupWindowlessSessions - Asynchronous Sessions clean-up phase starting NOW
[INFO  - 2018-12-21T23:07:59.836Z] SessionManagerReqHand - _cleanupWindowlessSessions - Asynchronous Sessions clean-up phase starting NOW
[INFO  - 2018-12-21T23:12:59.836Z] SessionManagerReqHand - _cleanupWindowlessSessions - Asynchronous Sessions clean-up phase starting NOW
[INFO  - 2018-12-21T23:17:59.836Z] SessionManagerReqHand - _cleanupWindowlessSessions - Asynchronous Sessions clean-up phase starting NOW
[INFO  - 2018-12-21T23:22:59.836Z] SessionManagerReqHand - _cleanupWindowlessSessions - Asynchronous Sessions clean-up phase starting NOW
[INFO  - 2018-12-21T23:27:59.837Z] SessionManagerReqHand - _cleanupWindowlessSessions - Asynchronous Sessions clean-up phase starting NOW
[INFO  - 2018-12-21T23:32:59.836Z] SessionManagerReqHand - _cleanupWindowlessSessions - Asynchronous Sessions clean-up phase starting NOW
[INFO  - 2018-12-21T23:37:59.836Z] SessionManagerReqHand - _cleanupWindowlessSessions - Asynchronous Sessions clean-up phase starting NOW
[INFO  - 2018-12-22T21:42:51.726Z] SessionManagerReqHand - _cleanupWindowlessSessions - Asynchronous Sessions clean-up phase starting NOW
[INFO  - 2018-12-22T21:47:51.726Z] SessionManagerReqHand - _cleanupWindowlessSessions - Asynchronous Sessions clean-up phase starting NOW
[INFO  - 2018-12-22T21:52:51.726Z] SessionManagerReqHand - _cleanupWindowlessSessions - Asynchronous Sessions clean-up phase starting NOW
[INFO  - 2018-12-22T21:57:51.726Z] SessionManagerReqHand - _cleanupWindowlessSessions - Asynchronous Sessions clean-up phase starting NOW
[INFO  - 2018-12-22T22:02:51.726Z] SessionManagerReqHand - _cleanupWindowlessSessions - Asynchronous Sessions clean-up phase starting NOW
[INFO  - 2018-12-22T22:07:51.726Z] SessionManagerReqHand - _cleanupWindowlessSessions - Asynchronous Sessions clean-up phase starting NOW
[INFO  - 2018-12-22T22:12:51.726Z] SessionManagerReqHand - _cleanupWindowlessSessions - Asynchronous Sessions clean-up phase starting NOW
[INFO  - 2018-12-22T22:17:52.430Z] SessionManagerReqHand - _cleanupWindowlessSessions - Asynchronous Sessions clean-up phase starting NOW
[INFO  - 2018-12-22T22:22:52.430Z] SessionManagerReqHand - _cleanupWindowlessSessions - Asynchronous Sessions clean-up phase starting NOW
[INFO  - 2018-12-22T22:27:52.430Z] SessionManagerReqHand - _cleanupWindowlessSessions - Asynchronous Sessions clean-up phase starting NOW
[INFO  - 2018-12-22T22:32:52.430Z] SessionManagerReqHand - _cleanupWindowlessSessions - Asynchronous Sessions clean-up phase starting NOW
[INFO  - 2018-12-23T13:53:43.247Z] SessionManagerReqHand - _cleanupWindowlessSessions - Asynchronous Sessions clean-up phase starting NOW
[INFO  - 2018-12-23T13:58:43.247Z] SessionManagerReqHand - _cleanupWindowlessSessions - Asynchronous Sessions clean-up phase starting NOW
[INFO  - 2018-12-23T14:03:43.247Z] SessionManagerReqHand - _cleanupWindowlessSessions - Asynchronous Sessions clean-up phase starting NOW
